<?xml version="1.0" encoding="utf-8"?>
<testsuites>
    <testsuite name="pytest" errors="0" failures="0" skipped="0" tests="10" time="0.058"
        timestamp="2024-08-31T15:03:08.459052+05:30" hostname="Deep">
        <testcase classname="tests.test_library" name="test_add_book" time="0.001" />
        <testcase classname="tests.test_library" name="test_add_book_missing_isbn" time="0.001" />
        <testcase classname="tests.test_library" name="test_add_book_missing_title" time="0.001" />
        <testcase classname="tests.test_library" name="test_add_book_missing_author" time="0.001" />
        <testcase classname="tests.test_library" name="test_add_book_missing_year" time="0.001" />
        <testcase classname="tests.test_library" name="test_borrow_book" time="0.001" />
        <testcase classname="tests.test_library" name="test_borrow_book_if_book_is_not_available"
            time="0.001" />
        <testcase classname="tests.test_library" name="test_return_book" time="0.001" />
        <testcase classname="tests.test_library" name="test_return_book_if_book_is_not_available"
            time="0.001" />
        <testcase classname="tests.test_library" name="test_view_available_books" time="0.001" />
    </testsuite>
</testsuites>